Flow report for avalon_sim
Mon Aug 17 21:17:34 2020
Quartus Prime Version 17.0.0 Build 595 04/25/2017 SJ Standard Edition


---------------------
; Table of Contents ;
---------------------
  1. Legal Notice
  2. Flow Summary
  3. Flow Settings
  4. Flow Non-Default Global Settings
  5. Flow Elapsed Time
  6. Flow OS Summary
  7. Flow Log
  8. Flow Messages
  9. Flow Suppressed Messages



----------------
; Legal Notice ;
----------------
Copyright (C) 2017  Intel Corporation. All rights reserved.
Your use of Intel Corporation's design tools, logic functions 
and other software and tools, and its AMPP partner logic 
functions, and any output files from any of the foregoing 
(including device programming or simulation files), and any 
associated documentation or information are expressly subject 
to the terms and conditions of the Intel Program License 
Subscription Agreement, the Intel Quartus Prime License Agreement,
the Intel MegaCore Function License Agreement, or other 
applicable license agreement, including, without limitation, 
that your use is for the sole purpose of programming logic 
devices manufactured by Intel and sold by Intel or its 
authorized distributors.  Please refer to the applicable 
agreement for further details.



+-----------------------------------------------------------------------------------+
; Flow Summary                                                                      ;
+---------------------------------+-------------------------------------------------+
; Flow Status                     ; Successful - Mon Aug 17 21:17:34 2020           ;
; Quartus Prime Version           ; 17.0.0 Build 595 04/25/2017 SJ Standard Edition ;
; Revision Name                   ; avalon_sim                                      ;
; Top-level Entity Name           ; qsys_interface                                  ;
; Family                          ; Cyclone V                                       ;
; Device                          ; 5CSEBA6U23I7DK                                  ;
; Timing Models                   ; Final                                           ;
; Logic utilization (in ALMs)     ; 1 / 41,910 ( < 1 % )                            ;
; Total registers                 ; 0                                               ;
; Total pins                      ; 67 / 314 ( 21 % )                               ;
; Total virtual pins              ; 0                                               ;
; Total block memory bits         ; 0 / 5,662,720 ( 0 % )                           ;
; Total DSP Blocks                ; 0 / 112 ( 0 % )                                 ;
; Total HSSI RX PCSs              ; 0                                               ;
; Total HSSI PMA RX Deserializers ; 0                                               ;
; Total HSSI TX PCSs              ; 0                                               ;
; Total HSSI PMA TX Serializers   ; 0                                               ;
; Total PLLs                      ; 0 / 6 ( 0 % )                                   ;
; Total DLLs                      ; 0 / 4 ( 0 % )                                   ;
+---------------------------------+-------------------------------------------------+


+-----------------------------------------+
; Flow Settings                           ;
+-------------------+---------------------+
; Option            ; Setting             ;
+-------------------+---------------------+
; Start date & time ; 08/17/2020 21:16:34 ;
; Main task         ; Compilation         ;
; Revision Name     ; avalon_sim          ;
+-------------------+---------------------+


+------------------------------------------------------------------------------------------------------------------------------------+
; Flow Non-Default Global Settings                                                                                                   ;
+--------------------------------------+----------------------------------------+---------------+----------------+-------------------+
; Assignment Name                      ; Value                                  ; Default Value ; Entity Name    ; Section Id        ;
+--------------------------------------+----------------------------------------+---------------+----------------+-------------------+
; COMPILER_SIGNATURE_ID                ; 185410938698291.159772059416352        ; --            ; --             ; --                ;
; EDA_DESIGN_INSTANCE_NAME             ; NA                                     ; --            ; --             ; qsys_interface_tb ;
; EDA_NATIVELINK_SIMULATION_TEST_BENCH ; qsys_interface_tb                      ; --            ; --             ; eda_simulation    ;
; EDA_OUTPUT_DATA_FORMAT               ; Vhdl                                   ; --            ; --             ; eda_simulation    ;
; EDA_SIMULATION_TOOL                  ; ModelSim-Altera (VHDL)                 ; <None>        ; --             ; --                ;
; EDA_TEST_BENCH_ENABLE_STATUS         ; TEST_BENCH_MODE                        ; --            ; --             ; eda_simulation    ;
; EDA_TEST_BENCH_FILE                  ; qsys_interface_tb.vhd                  ; --            ; --             ; qsys_interface_tb ;
; EDA_TEST_BENCH_MODULE_NAME           ; qsys_interface_tb                      ; --            ; --             ; qsys_interface_tb ;
; EDA_TEST_BENCH_NAME                  ; qsys_interface_tb                      ; --            ; --             ; eda_simulation    ;
; EDA_TIME_SCALE                       ; 1 ps                                   ; --            ; --             ; eda_simulation    ;
; MAX_CORE_JUNCTION_TEMP               ; 100                                    ; --            ; --             ; --                ;
; MIN_CORE_JUNCTION_TEMP               ; -40                                    ; --            ; --             ; --                ;
; PARTITION_COLOR                      ; -- (Not supported for targeted family) ; --            ; qsys_interface ; Top               ;
; PARTITION_FITTER_PRESERVATION_LEVEL  ; -- (Not supported for targeted family) ; --            ; qsys_interface ; Top               ;
; PARTITION_NETLIST_TYPE               ; -- (Not supported for targeted family) ; --            ; qsys_interface ; Top               ;
; POWER_BOARD_THERMAL_MODEL            ; None (CONSERVATIVE)                    ; --            ; --             ; --                ;
; POWER_PRESET_COOLING_SOLUTION        ; 23 MM HEAT SINK WITH 200 LFPM AIRFLOW  ; --            ; --             ; --                ;
; PROJECT_OUTPUT_DIRECTORY             ; output_files                           ; --            ; --             ; --                ;
; TOP_LEVEL_ENTITY                     ; qsys_interface                         ; avalon_sim    ; --             ; --                ;
+--------------------------------------+----------------------------------------+---------------+----------------+-------------------+


+-------------------------------------------------------------------------------------------------------------------------------+
; Flow Elapsed Time                                                                                                             ;
+---------------------------+--------------+-------------------------+---------------------+------------------------------------+
; Module Name               ; Elapsed Time ; Average Processors Used ; Peak Virtual Memory ; Total CPU Time (on all processors) ;
+---------------------------+--------------+-------------------------+---------------------+------------------------------------+
; Analysis & Synthesis      ; 00:00:08     ; 1.0                     ; 4865 MB             ; 00:00:15                           ;
; Fitter                    ; 00:00:32     ; 1.0                     ; 7326 MB             ; 00:01:36                           ;
; Assembler                 ; 00:00:09     ; 1.0                     ; 4833 MB             ; 00:00:06                           ;
; TimeQuest Timing Analyzer ; 00:00:06     ; 1.0                     ; 5220 MB             ; 00:00:04                           ;
; EDA Netlist Writer        ; 00:00:03     ; 1.0                     ; 4734 MB             ; 00:00:01                           ;
; Total                     ; 00:00:58     ; --                      ; --                  ; 00:02:02                           ;
+---------------------------+--------------+-------------------------+---------------------+------------------------------------+


+--------------------------------------------------------------------------------------------+
; Flow OS Summary                                                                            ;
+---------------------------+---------------------+------------+------------+----------------+
; Module Name               ; Machine Hostname    ; OS Name    ; OS Version ; Processor type ;
+---------------------------+---------------------+------------+------------+----------------+
; Analysis & Synthesis      ; Elliots-Workstation ; Windows 10 ; 10.0       ; x86_64         ;
; Fitter                    ; Elliots-Workstation ; Windows 10 ; 10.0       ; x86_64         ;
; Assembler                 ; Elliots-Workstation ; Windows 10 ; 10.0       ; x86_64         ;
; TimeQuest Timing Analyzer ; Elliots-Workstation ; Windows 10 ; 10.0       ; x86_64         ;
; EDA Netlist Writer        ; Elliots-Workstation ; Windows 10 ; 10.0       ; x86_64         ;
+---------------------------+---------------------+------------+------------+----------------+


------------
; Flow Log ;
------------
quartus_map --read_settings_files=on --write_settings_files=off avalon_sim -c avalon_sim
quartus_fit --read_settings_files=off --write_settings_files=off avalon_sim -c avalon_sim
quartus_asm --read_settings_files=off --write_settings_files=off avalon_sim -c avalon_sim
quartus_sta avalon_sim -c avalon_sim
quartus_eda --read_settings_files=off --write_settings_files=off avalon_sim -c avalon_sim



